::1 - - [08/Dec/2023:00:20:09 +0700] "GET / HTTP/1.1" 200 46
::1 - - [08/Dec/2023:00:20:09 +0700] "GET /favicon.ico HTTP/1.1" 404 196
::1 - - [08/Dec/2023:00:21:09 +0700] "-" 408 -
::1 - - [08/Dec/2023:00:21:17 +0700] "-" 408 -
::1 - - [19/Dec/2023:21:24:42 +0700] "GET / HTTP/1.1" 200 46
::1 - - [19/Dec/2023:21:24:43 +0700] "GET /favicon.ico HTTP/1.1" 404 196
::1 - - [19/Dec/2023:21:25:42 +0700] "-" 408 -
::1 - - [19/Dec/2023:21:46:07 +0700] "GET / HTTP/1.1" 304 -
::1 - - [19/Dec/2023:21:46:07 +0700] "GET / HTTP/1.1" 200 46
::1 - - [19/Dec/2023:21:46:07 +0700] "GET /favicon.ico HTTP/1.1" 404 196
::1 - - [19/Dec/2023:21:47:00 +0700] "GET / HTTP/1.1" 304 -
::1 - - [19/Dec/2023:21:47:07 +0700] "-" 408 -
::1 - - [19/Dec/2023:22:17:26 +0700] "-" 408 -
::1 - - [19/Dec/2023:22:17:26 +0700] "-" 408 -
::1 - - [19/Dec/2023:22:21:58 +0700] "GET / HTTP/1.1" 200 207
::1 - - [19/Dec/2023:22:22:02 +0700] "GET /index.html HTTP/1.1" 200 46
::1 - - [19/Dec/2023:22:22:02 +0700] "-" 408 -
::1 - - [19/Dec/2023:22:23:20 +0700] "-" 408 -
::1 - - [19/Dec/2023:22:23:20 +0700] "-" 408 -
::1 - - [19/Dec/2023:22:24:21 +0700] "-" 408 -
::1 - - [19/Dec/2023:22:24:21 +0700] "-" 408 -
::1 - - [19/Dec/2023:22:28:34 +0700] "-" 408 -
::1 - - [19/Dec/2023:22:28:34 +0700] "-" 408 -
::1 - - [19/Dec/2023:22:28:44 +0700] "GET /index.html HTTP/1.1" 404 196
::1 - - [19/Dec/2023:22:28:45 +0700] "GET /index.html HTTP/1.1" 404 196
::1 - - [19/Dec/2023:22:29:44 +0700] "-" 408 -
::1 - - [19/Dec/2023:22:32:25 +0700] "GET /index.html HTTP/1.1" 200 46
::1 - - [19/Dec/2023:22:32:40 +0700] "GET /index.html HTTP/1.1" 304 -
::1 - - [19/Dec/2023:22:32:47 +0700] "GET / HTTP/1.1" 403 199
::1 - - [19/Dec/2023:22:33:47 +0700] "-" 408 -
::1 - - [19/Dec/2023:22:37:08 +0700] "GET / HTTP/1.1" 403 199
::1 - - [19/Dec/2023:22:39:43 +0700] "GET / HTTP/1.1" 403 199
::1 - - [19/Dec/2023:22:39:44 +0700] "GET / HTTP/1.1" 403 199
::1 - - [19/Dec/2023:22:39:44 +0700] "GET / HTTP/1.1" 403 199
::1 - - [19/Dec/2023:22:39:45 +0700] "GET / HTTP/1.1" 403 199
::1 - - [19/Dec/2023:22:39:45 +0700] "GET / HTTP/1.1" 403 199
::1 - - [19/Dec/2023:22:40:43 +0700] "-" 408 -
::1 - - [19/Dec/2023:22:41:34 +0700] "GET /favicon.ico HTTP/1.1" 404 196
::1 - - [19/Dec/2023:22:41:37 +0700] "GET / HTTP/1.1" 403 199
::1 - - [19/Dec/2023:22:41:37 +0700] "GET / HTTP/1.1" 403 199
::1 - - [19/Dec/2023:22:42:34 +0700] "-" 408 -
::1 - - [19/Dec/2023:22:54:06 +0700] "GET / HTTP/1.1" 500 528
::1 - - [19/Dec/2023:22:54:15 +0700] "GET / HTTP/1.1" 500 528
::1 - - [19/Dec/2023:22:55:15 +0700] "-" 408 -
::1 - - [19/Dec/2023:22:55:15 +0700] "-" 408 -
::1 - - [19/Dec/2023:22:58:36 +0700] "GET / HTTP/1.1" 500 528
::1 - - [19/Dec/2023:22:59:36 +0700] "-" 408 -
::1 - - [19/Dec/2023:23:00:03 +0700] "GET / HTTP/1.1" 500 528
::1 - - [19/Dec/2023:23:00:04 +0700] "GET / HTTP/1.1" 500 528
::1 - - [19/Dec/2023:23:01:04 +0700] "-" 408 -
::1 - - [19/Dec/2023:23:01:49 +0700] "GET / HTTP/1.1" 500 528
::1 - - [19/Dec/2023:23:01:50 +0700] "GET / HTTP/1.1" 500 528
::1 - - [19/Dec/2023:23:01:58 +0700] "GET / HTTP/1.1" 500 528
::1 - - [19/Dec/2023:23:02:06 +0700] "GET / HTTP/1.1" 500 528
::1 - - [19/Dec/2023:23:02:07 +0700] "GET / HTTP/1.1" 500 528
::1 - - [19/Dec/2023:23:02:53 +0700] "GET / HTTP/1.1" 500 528
::1 - - [19/Dec/2023:23:02:53 +0700] "GET / HTTP/1.1" 500 528
::1 - - [19/Dec/2023:23:03:34 +0700] "GET / HTTP/1.1" 500 528
::1 - - [19/Dec/2023:23:03:35 +0700] "GET / HTTP/1.1" 500 528
::1 - - [19/Dec/2023:23:03:35 +0700] "GET / HTTP/1.1" 500 528
::1 - - [19/Dec/2023:23:04:32 +0700] "GET / HTTP/1.1" 500 528
::1 - - [19/Dec/2023:23:04:33 +0700] "GET / HTTP/1.1" 500 528
::1 - - [19/Dec/2023:23:04:33 +0700] "GET / HTTP/1.1" 500 528
::1 - - [19/Dec/2023:23:04:33 +0700] "GET / HTTP/1.1" 500 528
::1 - - [19/Dec/2023:23:04:33 +0700] "GET / HTTP/1.1" 500 528
::1 - - [19/Dec/2023:23:04:33 +0700] "GET / HTTP/1.1" 500 528
::1 - - [19/Dec/2023:23:04:34 +0700] "GET / HTTP/1.1" 500 528
::1 - - [19/Dec/2023:23:05:01 +0700] "GET / HTTP/1.1" 500 528
::1 - - [19/Dec/2023:23:05:01 +0700] "GET / HTTP/1.1" 500 528
::1 - - [19/Dec/2023:23:05:34 +0700] "-" 408 -
::1 - - [19/Dec/2023:23:06:54 +0700] "GET / HTTP/1.1" 403 199
::1 - - [19/Dec/2023:23:06:55 +0700] "GET / HTTP/1.1" 403 199
::1 - - [19/Dec/2023:23:07:47 +0700] "GET / HTTP/1.1" 403 199
::1 - - [19/Dec/2023:23:07:48 +0700] "GET / HTTP/1.1" 403 199
::1 - - [19/Dec/2023:23:07:48 +0700] "GET / HTTP/1.1" 403 199
::1 - - [19/Dec/2023:23:07:48 +0700] "GET / HTTP/1.1" 403 199
::1 - - [19/Dec/2023:23:07:48 +0700] "GET / HTTP/1.1" 403 199
::1 - - [19/Dec/2023:23:08:42 +0700] "GET / HTTP/1.1" 403 199
::1 - - [19/Dec/2023:23:10:07 +0700] "GET / HTTP/1.1" 403 199
::1 - - [19/Dec/2023:23:11:07 +0700] "-" 408 -
::1 - - [19/Dec/2023:23:19:37 +0700] "GET / HTTP/1.1" 403 199
::1 - - [19/Dec/2023:23:20:37 +0700] "-" 408 -
::1 - - [19/Dec/2023:23:21:56 +0700] "GET / HTTP/1.1" 403 199
::1 - - [19/Dec/2023:23:22:35 +0700] "GET / HTTP/1.1" 403 199
::1 - - [19/Dec/2023:23:23:35 +0700] "-" 408 -
::1 - - [19/Dec/2023:23:24:10 +0700] "GET / HTTP/1.1" 500 528
::1 - - [19/Dec/2023:23:24:11 +0700] "GET / HTTP/1.1" 500 528
::1 - - [19/Dec/2023:23:25:11 +0700] "-" 408 -
::1 - - [19/Dec/2023:23:28:43 +0700] "GET / HTTP/1.1" 500 528
::1 - - [19/Dec/2023:23:29:43 +0700] "-" 408 -
::1 - - [19/Dec/2023:23:32:09 +0700] "GET / HTTP/1.1" 200 105
::1 - - [19/Dec/2023:23:33:09 +0700] "-" 408 -
